TN:
SF:src/App.js
FN:21,App
FNF:1
FNH:1
FNDA:5,App
DA:25,5
LF:1
LH:1
BRF:0
BRH:0
end_of_record
TN:
SF:src/services.js
FN:5,(anonymous_0)
FN:9,(anonymous_1)
FN:18,(anonymous_2)
FN:22,(anonymous_3)
FN:28,(anonymous_4)
FN:32,(anonymous_5)
FN:36,(anonymous_6)
FN:41,(anonymous_7)
FN:45,(anonymous_8)
FN:51,(anonymous_9)
FN:62,(anonymous_10)
FN:65,(anonymous_11)
FN:70,(anonymous_12)
FN:77,(anonymous_13)
FN:83,(anonymous_14)
FN:86,(anonymous_15)
FN:92,(anonymous_16)
FN:96,(anonymous_17)
FN:101,(anonymous_18)
FNF:19
FNH:0
FNDA:0,(anonymous_0)
FNDA:0,(anonymous_1)
FNDA:0,(anonymous_2)
FNDA:0,(anonymous_3)
FNDA:0,(anonymous_4)
FNDA:0,(anonymous_5)
FNDA:0,(anonymous_6)
FNDA:0,(anonymous_7)
FNDA:0,(anonymous_8)
FNDA:0,(anonymous_9)
FNDA:0,(anonymous_10)
FNDA:0,(anonymous_11)
FNDA:0,(anonymous_12)
FNDA:0,(anonymous_13)
FNDA:0,(anonymous_14)
FNDA:0,(anonymous_15)
FNDA:0,(anonymous_16)
FNDA:0,(anonymous_17)
FNDA:0,(anonymous_18)
DA:5,11
DA:6,0
DA:9,11
DA:11,0
DA:18,11
DA:19,0
DA:22,11
DA:24,0
DA:28,11
DA:29,0
DA:32,11
DA:33,0
DA:34,0
DA:36,11
DA:37,0
DA:38,0
DA:41,11
DA:42,0
DA:45,11
DA:46,0
DA:48,0
DA:51,11
DA:52,0
DA:53,0
DA:54,0
DA:55,0
DA:56,0
DA:58,0
DA:62,11
DA:63,0
DA:65,11
DA:66,0
DA:70,11
DA:71,0
DA:75,0
DA:77,11
DA:79,0
DA:80,0
DA:83,11
DA:84,0
DA:86,11
DA:88,0
DA:92,11
DA:93,0
DA:96,11
DA:97,0
DA:101,11
DA:102,0
DA:104,11
DA:113,11
DA:123,11
DA:132,11
DA:136,11
LF:53
LH:24
BRF:0
BRH:0
end_of_record
TN:
SF:src/setupTests.js
FNF:0
FNH:0
LF:0
LH:0
BRF:0
BRH:0
end_of_record
TN:
SF:src/components/CreateAccount.js
FN:9,CreateAccount
FN:20,(anonymous_1)
FN:29,(anonymous_2)
FNF:3
FNH:3
FNDA:3,CreateAccount
FNDA:2,(anonymous_1)
FNDA:1,(anonymous_2)
DA:10,3
DA:11,3
DA:20,3
DA:21,2
DA:22,2
DA:29,3
DA:30,1
DA:31,1
DA:32,1
DA:33,1
DA:34,1
DA:36,1
DA:37,1
DA:40,0
DA:41,0
DA:49,3
LF:16
LH:14
BRF:0
BRH:0
end_of_record
TN:
SF:src/components/Deposit.jsx
FN:6,DepositPage
FN:11,(anonymous_1)
FN:46,(anonymous_2)
FNF:3
FNH:3
FNDA:2,DepositPage
FNDA:1,(anonymous_1)
FNDA:1,(anonymous_2)
DA:7,2
DA:11,2
DA:12,1
DA:13,1
DA:14,1
DA:16,1
DA:18,1
DA:21,0
DA:28,2
DA:46,1
LF:10
LH:9
BRF:0
BRH:0
end_of_record
TN:
SF:src/components/Withdraw.jsx
FN:6,WithdrawPage
FN:10,(anonymous_1)
FN:43,(anonymous_2)
FNF:3
FNH:3
FNDA:4,WithdrawPage
FNDA:2,(anonymous_1)
FNDA:2,(anonymous_2)
DA:7,4
DA:10,4
DA:11,2
DA:13,2
DA:16,1
DA:20,2
DA:25,4
DA:43,2
LF:8
LH:8
BRF:0
BRH:0
end_of_record
TN:
SF:src/components/interceptor.js
FN:16,(anonymous_0)
FN:29,(anonymous_1)
FN:30,(anonymous_2)
FN:40,(anonymous_3)
FNF:4
FNH:0
FNDA:0,(anonymous_0)
FNDA:0,(anonymous_1)
FNDA:0,(anonymous_2)
FNDA:0,(anonymous_3)
DA:7,11
DA:8,11
DA:16,11
DA:17,0
DA:18,0
DA:19,0
DA:20,0
DA:21,0
DA:22,0
DA:23,0
DA:25,0
DA:28,11
DA:29,0
DA:31,0
DA:32,0
DA:33,0
DA:35,0
DA:40,11
DA:41,0
DA:43,0
DA:44,0
DA:45,0
DA:46,0
DA:47,0
DA:48,0
DA:52,0
DA:53,0
DA:55,0
DA:56,0
DA:62,11
LF:30
LH:6
BRDA:17,0,0,0
BRDA:17,0,1,0
BRDA:22,1,0,0
BRDA:22,1,1,0
BRDA:31,2,0,0
BRDA:31,2,1,0
BRDA:41,3,0,0
BRDA:41,3,1,0
BRF:8
BRH:0
end_of_record
TN:
SF:src/components/dashboards/AdminDashboard.js
FN:5,StaffManagerForm
FN:17,(anonymous_1)
FN:22,(anonymous_2)
FN:25,(anonymous_3)
FN:27,(anonymous_4)
FN:33,(anonymous_5)
FN:53,(anonymous_6)
FNF:7
FNH:7
FNDA:24,StaffManagerForm
FNDA:1,(anonymous_1)
FNDA:22,(anonymous_2)
FNDA:18,(anonymous_3)
FNDA:18,(anonymous_4)
FNDA:3,(anonymous_5)
FNDA:1,(anonymous_6)
DA:6,24
DA:7,23
DA:8,23
DA:17,23
DA:18,1
DA:19,1
DA:20,1
DA:22,23
DA:25,23
DA:26,18
DA:27,18
DA:33,23
DA:34,3
DA:35,3
DA:36,3
DA:37,3
DA:41,1
DA:45,23
DA:53,1
LF:19
LH:19
BRDA:59,0,0,0
BRDA:59,0,1,23
BRF:2
BRH:1
end_of_record
TN:
SF:src/components/dashboards/CustomerDashboard.jsx
FN:15,CustomerDashboard
FN:20,(anonymous_1)
FN:22,(anonymous_2)
FN:38,(anonymous_3)
FN:50,(anonymous_4)
FN:58,(anonymous_5)
FNF:6
FNH:5
FNDA:2,CustomerDashboard
FNDA:2,(anonymous_1)
FNDA:2,(anonymous_2)
FNDA:2,(anonymous_3)
FNDA:0,(anonymous_4)
FNDA:2,(anonymous_5)
DA:16,2
DA:17,2
DA:20,2
DA:22,2
DA:23,2
DA:24,2
DA:27,0
DA:30,0
DA:31,0
DA:32,0
DA:34,2
DA:38,2
DA:39,2
DA:45,2
DA:46,2
DA:50,2
DA:51,0
DA:58,2
DA:59,2
DA:60,0
DA:126,2
LF:21
LH:15
BRDA:59,0,0,0
BRDA:59,0,1,2
BRDA:67,1,0,0
BRDA:67,1,1,0
BRF:4
BRH:1
end_of_record
TN:
SF:src/components/dashboards/ManagerDashboard.jsx
FN:5,ManagerDashboard
FN:12,fetchData
FN:23,(anonymous_2)
FN:29,(anonymous_3)
FN:64,(anonymous_4)
FN:78,(anonymous_5)
FN:79,(anonymous_6)
FNF:7
FNH:3
FNDA:6,ManagerDashboard
FNDA:1,fetchData
FNDA:1,(anonymous_2)
FNDA:0,(anonymous_3)
FNDA:0,(anonymous_4)
FNDA:0,(anonymous_5)
FNDA:0,(anonymous_6)
DA:6,6
DA:7,5
DA:8,5
DA:9,5
DA:13,1
DA:14,1
DA:15,1
DA:16,1
DA:17,1
DA:18,1
DA:20,1
DA:23,5
DA:25,1
DA:29,5
DA:30,0
DA:31,0
DA:33,0
DA:34,0
DA:35,0
DA:39,5
DA:65,0
DA:78,0
DA:79,0
LF:23
LH:15
BRDA:63,0,0,1
BRDA:63,0,1,0
BRDA:78,1,0,1
BRDA:78,1,1,0
BRDA:79,2,0,1
BRDA:79,2,1,0
BRF:6
BRH:3
end_of_record
TN:
SF:src/components/dashboards/StaffDashboard.jsx
FN:8,Dashboard
FN:12,(anonymous_1)
FN:13,fetchData
FN:28,(anonymous_3)
FN:33,(anonymous_4)
FN:58,(anonymous_5)
FN:68,(anonymous_6)
FN:74,(anonymous_7)
FNF:8
FNH:3
FNDA:6,Dashboard
FNDA:1,(anonymous_1)
FNDA:1,fetchData
FNDA:0,(anonymous_3)
FNDA:0,(anonymous_4)
FNDA:0,(anonymous_5)
FNDA:0,(anonymous_6)
FNDA:0,(anonymous_7)
DA:9,6
DA:10,5
DA:12,5
DA:15,1
DA:16,1
DA:17,1
DA:18,1
DA:19,1
DA:23,1
DA:28,5
DA:29,0
DA:30,0
DA:33,5
DA:34,0
DA:35,0
DA:38,5
DA:59,0
DA:68,0
DA:74,0
LF:19
LH:12
BRDA:46,0,0,0
BRDA:46,0,1,1
BRF:2
BRH:1
end_of_record
TN:
SF:src/components/footer/Footer.jsx
FN:5,Footer
FNF:1
FNH:1
FNDA:2,Footer
DA:6,2
LF:1
LH:1
BRF:0
BRH:0
end_of_record
TN:
SF:src/components/headers/Header.jsx
FN:18,Header
FN:24,(anonymous_1)
FN:26,(anonymous_2)
FN:31,(anonymous_3)
FN:65,(anonymous_4)
FN:93,(anonymous_5)
FN:94,(anonymous_6)
FN:114,(anonymous_7)
FNF:8
FNH:6
FNDA:11,Header
FNDA:9,(anonymous_1)
FNDA:7,(anonymous_2)
FNDA:1,(anonymous_3)
FNDA:1,(anonymous_4)
FNDA:0,(anonymous_5)
FNDA:0,(anonymous_6)
FNDA:2,(anonymous_7)
DA:19,11
DA:20,10
DA:22,10
DA:24,10
DA:25,9
DA:27,7
DA:29,7
DA:32,1
DA:36,10
DA:66,1
DA:93,0
DA:94,0
DA:115,2
DA:118,2
DA:119,2
DA:120,2
LF:16
LH:14
BRDA:39,0,0,10
BRDA:39,0,1,0
BRDA:84,1,0,10
BRDA:84,1,1,9
BRDA:118,2,0,2
BRDA:118,2,1,0
BRF:6
BRH:4
end_of_record
TN:
SF:src/pages/updateuser.jsx
FN:10,UpdateUser
FN:23,(anonymous_1)
FN:32,(anonymous_2)
FNF:3
FNH:2
FNDA:3,UpdateUser
FNDA:0,(anonymous_1)
FNDA:1,(anonymous_2)
DA:11,3
DA:12,3
DA:23,3
DA:24,0
DA:25,0
DA:32,3
DA:33,1
DA:34,1
DA:35,1
DA:36,1
DA:37,1
DA:38,1
DA:39,1
DA:42,0
DA:49,3
LF:15
LH:12
BRF:0
BRH:0
end_of_record
TN:
SF:src/pages/bankinfo/BankInfo.js
FN:4,(anonymous_0)
FNF:1
FNH:1
FNDA:3,(anonymous_0)
DA:4,4
DA:5,3
LF:2
LH:2
BRF:0
BRH:0
end_of_record
TN:
SF:src/pages/login/Login.jsx
FN:12,Login
FN:20,(anonymous_1)
FN:67,(anonymous_2)
FN:98,(anonymous_3)
FN:109,(anonymous_4)
FNF:5
FNH:5
FNDA:19,Login
FNDA:5,(anonymous_1)
FNDA:1,(anonymous_2)
FNDA:5,(anonymous_3)
FNDA:5,(anonymous_4)
DA:13,19
DA:15,18
DA:16,18
DA:17,18
DA:18,18
DA:19,18
DA:20,18
DA:21,5
DA:22,5
DA:23,5
DA:28,5
DA:30,4
DA:33,4
DA:38,4
DA:39,4
DA:40,4
DA:41,4
DA:42,4
DA:43,4
DA:44,4
DA:47,1
DA:51,18
DA:68,1
DA:98,5
DA:109,5
LF:25
LH:25
BRDA:39,0,0,4
BRDA:39,0,1,0
BRDA:40,1,0,1
BRDA:40,1,1,3
BRDA:41,2,0,1
BRDA:41,2,1,3
BRDA:42,3,0,1
BRDA:42,3,1,3
BRDA:43,4,0,1
BRDA:43,4,1,3
BRDA:56,5,0,18
BRDA:56,5,1,0
BRF:12
BRH:10
end_of_record
TN:
SF:src/pages/signup/Signup.jsx
FN:9,Signup
FN:22,(anonymous_1)
FN:31,(anonymous_2)
FNF:3
FNH:3
FNDA:7,Signup
FNDA:5,(anonymous_1)
FNDA:1,(anonymous_2)
DA:10,7
DA:11,7
DA:22,7
DA:23,5
DA:24,5
DA:31,7
DA:32,1
DA:33,1
DA:35,1
DA:36,1
DA:37,1
DA:38,1
DA:41,1
DA:56,7
LF:14
LH:14
BRF:0
BRH:0
end_of_record
